{"message":"Serving on port 8000","level":"\u001b[32minfo\u001b[39m","timestamp":"2021-03-20 19:24:21"}
{"message":"Database connected","level":"\u001b[32minfo\u001b[39m","timestamp":"2021-03-20 19:24:22"}
{"message":"Wrong attempts on: admin/login","level":"\u001b[33mwarn\u001b[39m","timestamp":"2021-03-20 19:25:23"}
{"message":"Serving on port 8000","level":"\u001b[32minfo\u001b[39m","timestamp":"2021-03-20 19:28:20"}
{"message":"Database connected","level":"\u001b[32minfo\u001b[39m","timestamp":"2021-03-20 19:28:20"}
{"message":"Wrong attempts on: admin/login","level":"\u001b[33mwarn\u001b[39m","timestamp":"2021-03-20 19:28:35"}
{"message":"Serving on port 8000","level":"\u001b[32minfo\u001b[39m","timestamp":"2021-03-20 19:29:50"}
{"message":"Database connected","level":"\u001b[32minfo\u001b[39m","timestamp":"2021-03-20 19:29:50"}
{"message":"Wrong attempts on: admin/login","level":"\u001b[33mwarn\u001b[39m","timestamp":"2021-03-20 19:30:06"}
{"message":"Wrong attempts on: admin/login","level":"\u001b[33mwarn\u001b[39m","timestamp":"2021-03-20 19:30:13"}
{
  message: 'Serving on port 8000',
  level: '\x1B[32minfo\x1B[39m',
  timestamp: '3/20/2021, 7:43:40 PM'
}
{
  message: 'Database connected',
  level: '\x1B[32minfo\x1B[39m',
  timestamp: '3/20/2021, 7:43:41 PM'
}
{
  message: 'Wrong attempts on: admin/login',
  level: '\x1B[33mwarn\x1B[39m',
  timestamp: '3/20/2021, 7:43:53 PM'
}
{
  message: 'Serving on port 8000',
  level: '\x1B[32minfo\x1B[39m',
  timestamp: '3/20/2021, 7:45:15 PM'
}
{
  message: 'Database connected',
  level: '\x1B[32minfo\x1B[39m',
  timestamp: '3/20/2021, 7:45:15 PM'
}
{
  message: 'Wrong attempts on: admin/login',
  level: '\x1B[33mwarn\x1B[39m',
  timestamp: '3/20/2021, 7:45:22 PM'
}
{
  message: 'Serving on port 8000',
  level: '\x1B[32minfo\x1B[39m',
  timestamp: '3/20/2021, 7:58:21 PM'
}
{
  message: 'Database connected',
  level: '\x1B[32minfo\x1B[39m',
  timestamp: '3/20/2021, 7:58:28 PM'
}
{
  message: 'Serving on port 8000',
  level: '\x1B[32minfo\x1B[39m',
  timestamp: '3/20/2021, 7:59:48 PM'
}
{
  message: 'Database connected',
  level: '\x1B[32minfo\x1B[39m',
  timestamp: '3/20/2021, 7:59:53 PM'
}
{
  message: 'Serving on port 8000',
  level: '\x1B[32minfo\x1B[39m',
  timestamp: '3/20/2021, 8:02:30 PM'
}
{
  message: 'Database connected',
  level: '\x1B[32minfo\x1B[39m',
  timestamp: '3/20/2021, 8:02:36 PM'
}
{
  message: 'Serving on port 8000',
  level: '\x1B[32minfo\x1B[39m',
  timestamp: '3/20/2021, 8:11:41 PM'
}
{
  message: 'Database connected',
  level: '\x1B[32minfo\x1B[39m',
  timestamp: '3/20/2021, 8:11:47 PM'
}
{
  message: 'Serving on port 8000',
  level: '\x1B[32minfo\x1B[39m',
  timestamp: '3/20/2021, 8:16:29 PM'
}
{
  message: 'Database connected',
  level: '\x1B[32minfo\x1B[39m',
  timestamp: '3/20/2021, 8:16:33 PM'
}
{
  message: 'Serving on port 8000',
  level: '\x1B[32minfo\x1B[39m',
  timestamp: '3/20/2021, 8:33:14 PM'
}
{
  message: 'Database connected',
  level: '\x1B[32minfo\x1B[39m',
  timestamp: '3/20/2021, 8:33:20 PM'
}
{
  message: 'Serving on port 8000',
  level: '\x1B[32minfo\x1B[39m',
  timestamp: '3/20/2021, 8:41:43 PM'
}
{
  message: 'Database connected',
  level: '\x1B[32minfo\x1B[39m',
  timestamp: '3/20/2021, 8:41:46 PM'
}
{
  message: 'Serving on port 8000',
  level: '\x1B[32minfo\x1B[39m',
  timestamp: '3/20/2021, 9:11:12 PM'
}
{
  message: 'Database connected',
  level: '\x1B[32minfo\x1B[39m',
  timestamp: '3/20/2021, 9:11:18 PM'
}
{
  message: 'Serving on port 8000',
  level: '\x1B[32minfo\x1B[39m',
  timestamp: '3/20/2021, 9:32:49 PM'
}
{
  message: 'Database connected',
  level: '\x1B[32minfo\x1B[39m',
  timestamp: '3/20/2021, 9:32:56 PM'
}
{
  message: 'Serving on port 8000',
  level: '\x1B[32minfo\x1B[39m',
  timestamp: '3/20/2021, 9:39:35 PM'
}
{
  message: 'Database connected',
  level: '\x1B[32minfo\x1B[39m',
  timestamp: '3/20/2021, 9:39:40 PM'
}
{
  message: 'Serving on port 8000',
  level: '\x1B[32minfo\x1B[39m',
  timestamp: '3/20/2021, 9:41:18 PM'
}
{
  message: 'Database connected',
  level: '\x1B[32minfo\x1B[39m',
  timestamp: '3/20/2021, 9:41:21 PM'
}
{
  message: 'Serving on port 8000',
  level: '\x1B[32minfo\x1B[39m',
  timestamp: '3/20/2021, 9:42:41 PM'
}
{
  message: 'Database connected',
  level: '\x1B[32minfo\x1B[39m',
  timestamp: '3/20/2021, 9:42:44 PM'
}
{
  message: 'Serving on port 8000',
  level: '\x1B[32minfo\x1B[39m',
  timestamp: '3/20/2021, 9:45:15 PM'
}
{
  message: 'Database connected',
  level: '\x1B[32minfo\x1B[39m',
  timestamp: '3/20/2021, 9:45:21 PM'
}
{
  message: 'Serving on port 8000',
  level: '\x1B[32minfo\x1B[39m',
  timestamp: '3/20/2021, 9:48:09 PM'
}
{
  message: 'Database connected',
  level: '\x1B[32minfo\x1B[39m',
  timestamp: '3/20/2021, 9:48:15 PM'
}
{
  message: 'Serving on port 8000',
  level: '\x1B[32minfo\x1B[39m',
  timestamp: '3/20/2021, 10:03:25 PM'
}
{
  message: 'Database connected',
  level: '\x1B[32minfo\x1B[39m',
  timestamp: '3/20/2021, 10:03:31 PM'
}
{
  message: 'Serving on port 8000',
  level: '\x1B[32minfo\x1B[39m',
  timestamp: '3/20/2021, 10:04:43 PM'
}
{
  message: 'Database connected',
  level: '\x1B[32minfo\x1B[39m',
  timestamp: '3/20/2021, 10:04:47 PM'
}
